2025-05-05 09:25:04 - main - INFO - Preparing to crawl 8 sites
2025-05-05 09:25:04 - root - ERROR - Could not import crawler for regional.vda: No module named 'crawlers.regional.vda_crawler'
2025-05-05 09:25:04 - crawl_site.regional.vda - ERROR - No crawler implementation found for regional.vda
2025-05-05 09:25:04 - root - ERROR - Could not import crawler for regional.piemonte: No module named 'crawlers.regional.piemonte_crawler'
2025-05-05 09:25:04 - crawl_site.regional.piemonte - ERROR - No crawler implementation found for regional.piemonte
2025-05-05 09:25:04 - crawl_site.regional.lombardia - INFO - Starting to crawl Lombardia (https://www.bandi.regione.lombardia.it)
2025-05-05 09:25:04 - LombardiaCrawler - INFO - Starting to crawl https://www.bandi.regione.lombardia.it
2025-05-05 09:25:04 - LombardiaCrawler - INFO - Fetching page: https://www.bandi.regione.lombardia.it/procedure/bandi
2025-05-05 09:25:04 - LombardiaCrawler - ERROR - Error fetching page https://www.bandi.regione.lombardia.it/procedure/bandi: 404 Client Error: Not Found for url: https://www.bandi.regione.lombardia.it/procedure/bandi
2025-05-05 09:25:04 - LombardiaCrawler - ERROR - Failed to fetch grants list page
2025-05-05 09:25:04 - LombardiaCrawler - INFO - Found 0 grant listings
2025-05-05 09:25:04 - LombardiaCrawler - INFO - Successfully crawled 0 grants
2025-05-05 09:25:04 - crawl_site.regional.lombardia - INFO - Finished crawling Lombardia: 0 grants found
2025-05-05 09:25:04 - root - ERROR - Could not import crawler for regional.veneto: No module named 'crawlers.regional.veneto_crawler'
2025-05-05 09:25:04 - crawl_site.regional.veneto - ERROR - No crawler implementation found for regional.veneto
2025-05-05 09:25:04 - root - ERROR - Could not import crawler for commerce.to_camcom: No module named 'crawlers.commerce.to_camcom_crawler'
2025-05-05 09:25:04 - crawl_site.commerce.to_camcom - ERROR - No crawler implementation found for commerce.to_camcom
2025-05-05 09:25:04 - root - ERROR - Could not import crawler for commerce.milomb_camcom: No module named 'crawlers.commerce.milomb_camcom_crawler'
2025-05-05 09:25:04 - crawl_site.commerce.milomb_camcom - ERROR - No crawler implementation found for commerce.milomb_camcom
2025-05-05 09:25:04 - root - ERROR - Could not import crawler for national.invitalia: No module named 'crawlers.national.invitalia_crawler'
2025-05-05 09:25:04 - crawl_site.national.invitalia - ERROR - No crawler implementation found for national.invitalia
2025-05-05 09:25:04 - root - ERROR - Could not import crawler for national.mimit: No module named 'crawlers.national.mimit_crawler'
2025-05-05 09:25:04 - crawl_site.national.mimit - ERROR - No crawler implementation found for national.mimit
2025-05-05 09:25:04 - main - WARNING - No grants found to export
2025-05-05 09:28:21 - main - INFO - Preparing to crawl 1 sites
2025-05-05 09:28:21 - crawl_site.regional.lombardia - INFO - Starting to crawl Lombardia (https://www.bandi.regione.lombardia.it)
2025-05-05 09:28:21 - LombardiaCrawler - INFO - Starting to crawl https://www.bandi.regione.lombardia.it
2025-05-05 09:28:21 - LombardiaCrawler - INFO - Fetching page: https://www.bandi.regione.lombardia.it/servizi/bandi
2025-05-05 09:28:22 - LombardiaCrawler - INFO - Found 0 grant listings
2025-05-05 09:28:22 - LombardiaCrawler - INFO - Successfully crawled 0 grants
2025-05-05 09:28:22 - crawl_site.regional.lombardia - INFO - Finished crawling Lombardia: 0 grants found
2025-05-05 09:28:22 - main - WARNING - No grants found to export
2025-05-05 09:33:29 - main - INFO - Preparing to crawl 1 sites
2025-05-05 09:33:29 - crawl_site.regional.lombardia - INFO - Starting to crawl Lombardia (https://www.bandi.regione.lombardia.it)
2025-05-05 09:33:29 - LombardiaCrawler - INFO - Starting to crawl https://www.bandi.regione.lombardia.it
2025-05-05 09:33:29 - LombardiaCrawler - INFO - Fetching page: https://www.bandi.regione.lombardia.it/servizi/servizio/bandi
2025-05-05 09:33:30 - LombardiaCrawler - INFO - Fetching page: https://www.bandi.regione.lombardia.it
2025-05-05 09:33:32 - LombardiaCrawler - INFO - Fetching page: https://www.bandi.regione.lombardia.it
2025-05-05 09:33:33 - LombardiaCrawler - INFO - Fetching page: https://www.bandi.regione.lombardia.it
2025-05-05 09:33:34 - LombardiaCrawler - INFO - Fetching page: https://www.bandi.regione.lombardia.it
2025-05-05 09:33:35 - LombardiaCrawler - INFO - Fetching page: https://www.bandi.regione.lombardia.it
2025-05-05 09:33:36 - LombardiaCrawler - INFO - Fetching page: https://www.bandi.regione.lombardia.it
2025-05-05 09:33:37 - LombardiaCrawler - INFO - Fetching page: https://www.bandi.regione.lombardia.it
2025-05-05 09:33:38 - LombardiaCrawler - INFO - Fetching page: https://www.bandi.regione.lombardia.it
2025-05-05 09:33:39 - LombardiaCrawler - INFO - Fetching page: https://www.bandi.regione.lombardia.it
2025-05-05 09:33:40 - LombardiaCrawler - INFO - Found 6 grant listings
2025-05-05 09:33:40 - LombardiaCrawler - INFO - Fetching page: https://www.bandi.regione.lombardia.it/servizi/servizio/bandi/dettaglio/istruzione-formazione-lavoro/diritto-dovere-istruzione/attivit-integrative-comunitarie-aic-pr-fse-2021-27-RLW12025044423
2025-05-05 09:33:41 - LombardiaCrawler - INFO - Fetching page: https://www.bandi.regione.lombardia.it/servizi/servizio/bandi/dettaglio/istruzione-formazione-lavoro/lavoro-occupazione/avviso-pubblico-verso-certificazione-parit-genere-annualit-2025-2027-UCL012025044225
2025-05-05 09:33:42 - LombardiaCrawler - INFO - Fetching page: https://www.bandi.regione.lombardia.it/servizi/servizio/bandi/dettaglio/istruzione-formazione-lavoro/diritto-dovere-istruzione/iefp-iii-anno-2023-24-RLW12023031868
2025-05-05 09:33:44 - LombardiaCrawler - INFO - Fetching page: https://www.bandi.regione.lombardia.it/servizi/servizio/bandi/dettaglio/istruzione-formazione-lavoro/diritto-dovere-istruzione/alternanza-scuola-lavoro-percorsi-iefp-sistema-duale-iv-anno-assegnazione-sportello-f-2023-2024-RLW12023031883
2025-05-05 09:33:45 - LombardiaCrawler - INFO - Fetching page: https://www.bandi.regione.lombardia.it/servizi/servizio/bandi/dettaglio/istruzione-formazione-lavoro/diritto-dovere-istruzione/ppd-ii-iii-anno-2023-2024-RLW12023031903
2025-05-05 09:33:46 - LombardiaCrawler - INFO - Fetching page: https://www.bandi.regione.lombardia.it/servizi/servizio/bandi/dettaglio/istruzione-formazione-lavoro/diritto-dovere-istruzione/alternanza-scuola-lavoro-percorsi-iefp-anno-formativo-2023-2024-sistema-duale-RLW12023031904
2025-05-05 09:33:47 - LombardiaCrawler - INFO - Successfully crawled 6 grants
2025-05-05 09:33:47 - crawl_site.regional.lombardia - WARNING - Validation errors for Attività Integrative Comunitarie AIC - PR FSE+ 2021/27: Campo richiesto mancante: Descrizione breve (Plain text), Campo richiesto mancante: Descrizione del bando
2025-05-05 09:33:47 - crawl_site.regional.lombardia - WARNING - Validation errors for Avviso Pubblico “Verso la certificazione della parità di genere - Annualità 2025-2027": Campo richiesto mancante: Descrizione breve (Plain text), Campo richiesto mancante: Descrizione del bando
2025-05-05 09:33:47 - crawl_site.regional.lombardia - WARNING - Validation errors for IeFP III anno 2023/24: Campo richiesto mancante: Descrizione breve (Plain text), Campo richiesto mancante: Descrizione del bando
2025-05-05 09:33:47 - crawl_site.regional.lombardia - WARNING - Validation errors for Alternanza Scuola-Lavoro nei percorsi di IeFP – Sistema Duale IV anno - Assegnazione a sportello - a.f. 2023/2024: Campo richiesto mancante: Descrizione breve (Plain text), Campo richiesto mancante: Descrizione del bando
2025-05-05 09:33:47 - crawl_site.regional.lombardia - WARNING - Validation errors for Percorsi Personalizzati allievi Disabili (PPD) I - II - III anno - a.f. 2023/2024: Campo richiesto mancante: Descrizione breve (Plain text), Campo richiesto mancante: Descrizione del bando
2025-05-05 09:33:47 - crawl_site.regional.lombardia - WARNING - Validation errors for Alternanza Scuola-Lavoro nei percorsi di IeFP - anno formativo 2023/2024 (Sistema Duale): Campo richiesto mancante: Descrizione breve (Plain text), Campo richiesto mancante: Descrizione del bando
2025-05-05 09:33:47 - crawl_site.regional.lombardia - INFO - Finished crawling Lombardia: 6 grants found
2025-05-05 09:33:47 - main - INFO - Exported 6 grants to /Users/mehdi/Desktop/BandoEasy/1 - BackEnd - OnGoing /May 2025/live update 4.0/italian_grants_crawler/output/grants_20250505_093329.csv
2025-05-05 09:34:40 - main - INFO - Preparing to crawl 1 sites
2025-05-05 09:34:40 - crawl_site.regional.lombardia - INFO - Starting to crawl Lombardia (https://www.bandi.regione.lombardia.it)
2025-05-05 09:34:40 - LombardiaCrawler - INFO - Starting to crawl https://www.bandi.regione.lombardia.it
2025-05-05 09:34:40 - LombardiaCrawler - INFO - Fetching page: https://www.bandi.regione.lombardia.it/servizi/servizio/bandi
2025-05-05 09:34:41 - LombardiaCrawler - INFO - Fetching page: https://www.bandi.regione.lombardia.it
2025-05-05 09:34:42 - LombardiaCrawler - INFO - Fetching page: https://www.bandi.regione.lombardia.it
2025-05-05 09:34:43 - LombardiaCrawler - INFO - Fetching page: https://www.bandi.regione.lombardia.it
2025-05-05 09:34:44 - LombardiaCrawler - INFO - Fetching page: https://www.bandi.regione.lombardia.it
2025-05-05 09:34:45 - LombardiaCrawler - INFO - Fetching page: https://www.bandi.regione.lombardia.it
2025-05-05 09:34:46 - LombardiaCrawler - INFO - Fetching page: https://www.bandi.regione.lombardia.it
2025-05-05 09:34:47 - LombardiaCrawler - INFO - Fetching page: https://www.bandi.regione.lombardia.it
2025-05-05 09:34:48 - LombardiaCrawler - INFO - Fetching page: https://www.bandi.regione.lombardia.it
2025-05-05 09:34:50 - LombardiaCrawler - INFO - Fetching page: https://www.bandi.regione.lombardia.it
2025-05-05 09:34:51 - LombardiaCrawler - INFO - Found 6 grant listings
2025-05-05 09:34:51 - LombardiaCrawler - INFO - Fetching page: https://www.bandi.regione.lombardia.it/servizi/servizio/bandi/dettaglio/istruzione-formazione-lavoro/diritto-dovere-istruzione/attivit-integrative-comunitarie-aic-pr-fse-2021-27-RLW12025044423
2025-05-05 09:34:52 - LombardiaCrawler - INFO - Fetching page: https://www.bandi.regione.lombardia.it/servizi/servizio/bandi/dettaglio/istruzione-formazione-lavoro/lavoro-occupazione/avviso-pubblico-verso-certificazione-parit-genere-annualit-2025-2027-UCL012025044225
2025-05-05 09:34:53 - LombardiaCrawler - INFO - Fetching page: https://www.bandi.regione.lombardia.it/servizi/servizio/bandi/dettaglio/istruzione-formazione-lavoro/diritto-dovere-istruzione/iefp-iii-anno-2023-24-RLW12023031868
2025-05-05 09:34:54 - LombardiaCrawler - INFO - Fetching page: https://www.bandi.regione.lombardia.it/servizi/servizio/bandi/dettaglio/istruzione-formazione-lavoro/diritto-dovere-istruzione/alternanza-scuola-lavoro-percorsi-iefp-sistema-duale-iv-anno-assegnazione-sportello-f-2023-2024-RLW12023031883
2025-05-05 09:34:55 - LombardiaCrawler - INFO - Fetching page: https://www.bandi.regione.lombardia.it/servizi/servizio/bandi/dettaglio/istruzione-formazione-lavoro/diritto-dovere-istruzione/ppd-ii-iii-anno-2023-2024-RLW12023031903
2025-05-05 09:34:57 - LombardiaCrawler - INFO - Fetching page: https://www.bandi.regione.lombardia.it/servizi/servizio/bandi/dettaglio/istruzione-formazione-lavoro/diritto-dovere-istruzione/alternanza-scuola-lavoro-percorsi-iefp-anno-formativo-2023-2024-sistema-duale-RLW12023031904
2025-05-05 09:34:58 - LombardiaCrawler - INFO - Successfully crawled 6 grants
2025-05-05 09:34:58 - crawl_site.regional.lombardia - INFO - Finished crawling Lombardia: 6 grants found
2025-05-05 09:34:58 - main - INFO - Exported 6 grants to /Users/mehdi/Desktop/BandoEasy/1 - BackEnd - OnGoing /May 2025/live update 4.0/italian_grants_crawler/output/grants_20250505_093440.csv
2025-05-05 09:35:20 - main - INFO - Preparing to crawl 8 sites
2025-05-05 09:35:20 - root - ERROR - Could not import crawler for regional.vda: No module named 'crawlers.regional.vda_crawler'
2025-05-05 09:35:20 - crawl_site.regional.vda - ERROR - No crawler implementation found for regional.vda
2025-05-05 09:35:20 - root - ERROR - Could not import crawler for regional.piemonte: No module named 'crawlers.regional.piemonte_crawler'
2025-05-05 09:35:20 - crawl_site.regional.piemonte - ERROR - No crawler implementation found for regional.piemonte
2025-05-05 09:35:20 - crawl_site.regional.lombardia - INFO - Starting to crawl Lombardia (https://www.bandi.regione.lombardia.it)
2025-05-05 09:35:20 - LombardiaCrawler - INFO - Starting to crawl https://www.bandi.regione.lombardia.it
2025-05-05 09:35:20 - LombardiaCrawler - INFO - Fetching page: https://www.bandi.regione.lombardia.it/servizi/servizio/bandi
2025-05-05 09:35:22 - LombardiaCrawler - INFO - Fetching page: https://www.bandi.regione.lombardia.it
2025-05-05 09:35:23 - LombardiaCrawler - INFO - Fetching page: https://www.bandi.regione.lombardia.it
2025-05-05 09:35:24 - LombardiaCrawler - INFO - Fetching page: https://www.bandi.regione.lombardia.it
2025-05-05 09:35:25 - LombardiaCrawler - INFO - Fetching page: https://www.bandi.regione.lombardia.it
2025-05-05 09:35:26 - LombardiaCrawler - INFO - Fetching page: https://www.bandi.regione.lombardia.it
2025-05-05 09:35:27 - LombardiaCrawler - INFO - Fetching page: https://www.bandi.regione.lombardia.it
2025-05-05 09:35:28 - LombardiaCrawler - INFO - Fetching page: https://www.bandi.regione.lombardia.it
2025-05-05 09:35:29 - LombardiaCrawler - INFO - Fetching page: https://www.bandi.regione.lombardia.it
2025-05-05 09:35:30 - LombardiaCrawler - INFO - Fetching page: https://www.bandi.regione.lombardia.it
2025-05-05 09:35:31 - LombardiaCrawler - INFO - Found 6 grant listings
2025-05-05 09:35:31 - LombardiaCrawler - INFO - Fetching page: https://www.bandi.regione.lombardia.it/servizi/servizio/bandi/dettaglio/istruzione-formazione-lavoro/diritto-dovere-istruzione/attivit-integrative-comunitarie-aic-pr-fse-2021-27-RLW12025044423
2025-05-05 09:35:32 - LombardiaCrawler - INFO - Fetching page: https://www.bandi.regione.lombardia.it/servizi/servizio/bandi/dettaglio/istruzione-formazione-lavoro/lavoro-occupazione/avviso-pubblico-verso-certificazione-parit-genere-annualit-2025-2027-UCL012025044225
2025-05-05 09:35:33 - LombardiaCrawler - INFO - Fetching page: https://www.bandi.regione.lombardia.it/servizi/servizio/bandi/dettaglio/istruzione-formazione-lavoro/diritto-dovere-istruzione/iefp-iii-anno-2023-24-RLW12023031868
2025-05-05 09:35:35 - LombardiaCrawler - INFO - Fetching page: https://www.bandi.regione.lombardia.it/servizi/servizio/bandi/dettaglio/istruzione-formazione-lavoro/diritto-dovere-istruzione/alternanza-scuola-lavoro-percorsi-iefp-sistema-duale-iv-anno-assegnazione-sportello-f-2023-2024-RLW12023031883
2025-05-05 09:35:36 - LombardiaCrawler - INFO - Fetching page: https://www.bandi.regione.lombardia.it/servizi/servizio/bandi/dettaglio/istruzione-formazione-lavoro/diritto-dovere-istruzione/ppd-ii-iii-anno-2023-2024-RLW12023031903
2025-05-05 09:35:37 - LombardiaCrawler - INFO - Fetching page: https://www.bandi.regione.lombardia.it/servizi/servizio/bandi/dettaglio/istruzione-formazione-lavoro/diritto-dovere-istruzione/alternanza-scuola-lavoro-percorsi-iefp-anno-formativo-2023-2024-sistema-duale-RLW12023031904
2025-05-05 09:35:38 - LombardiaCrawler - INFO - Successfully crawled 6 grants
2025-05-05 09:35:38 - crawl_site.regional.lombardia - INFO - Finished crawling Lombardia: 6 grants found
2025-05-05 09:35:38 - root - ERROR - Could not import crawler for regional.veneto: No module named 'crawlers.regional.veneto_crawler'
2025-05-05 09:35:38 - crawl_site.regional.veneto - ERROR - No crawler implementation found for regional.veneto
2025-05-05 09:35:38 - root - ERROR - Could not import crawler for commerce.to_camcom: No module named 'crawlers.commerce.to_camcom_crawler'
2025-05-05 09:35:38 - crawl_site.commerce.to_camcom - ERROR - No crawler implementation found for commerce.to_camcom
2025-05-05 09:35:38 - root - ERROR - Could not import crawler for commerce.milomb_camcom: No module named 'crawlers.commerce.milomb_camcom_crawler'
2025-05-05 09:35:38 - crawl_site.commerce.milomb_camcom - ERROR - No crawler implementation found for commerce.milomb_camcom
2025-05-05 09:35:38 - root - ERROR - Could not import crawler for national.invitalia: No module named 'crawlers.national.invitalia_crawler'
2025-05-05 09:35:38 - crawl_site.national.invitalia - ERROR - No crawler implementation found for national.invitalia
2025-05-05 09:35:38 - root - ERROR - Could not import crawler for national.mimit: No module named 'crawlers.national.mimit_crawler'
2025-05-05 09:35:38 - crawl_site.national.mimit - ERROR - No crawler implementation found for national.mimit
2025-05-05 09:35:38 - main - INFO - Exported 6 grants to /Users/mehdi/Desktop/BandoEasy/1 - BackEnd - OnGoing /May 2025/live update 4.0/italian_grants_crawler/output/grants_20250505_093520.csv
